Traceback (most recent call last):
  File "/usr/local/python/3.12.1/lib/python3.12/site-packages/jupyter_cache/executors/utils.py", line 58, in single_nb_execution
    executenb(
  File "/usr/local/python/3.12.1/lib/python3.12/site-packages/nbclient/client.py", line 1305, in execute
    return NotebookClient(nb=nb, resources=resources, km=km, **kwargs).execute()
           ^^^^^^^^^^^^^^^^^^^^^^^^^^^^^^^^^^^^^^^^^^^^^^^^^^^^^^^^^^^^^^^^^^^^^
  File "/home/codespace/.local/lib/python3.12/site-packages/jupyter_core/utils/__init__.py", line 165, in wrapped
    return loop.run_until_complete(inner)
           ^^^^^^^^^^^^^^^^^^^^^^^^^^^^^^
  File "/usr/local/python/3.12.1/lib/python3.12/asyncio/base_events.py", line 684, in run_until_complete
    return future.result()
           ^^^^^^^^^^^^^^^
  File "/usr/local/python/3.12.1/lib/python3.12/site-packages/nbclient/client.py", line 705, in async_execute
    await self.async_execute_cell(
  File "/usr/local/python/3.12.1/lib/python3.12/site-packages/nbclient/client.py", line 1058, in async_execute_cell
    await self._check_raise_for_error(cell, cell_index, exec_reply)
  File "/usr/local/python/3.12.1/lib/python3.12/site-packages/nbclient/client.py", line 914, in _check_raise_for_error
    raise CellExecutionError.from_cell_and_msg(cell, exec_reply_content)
nbclient.exceptions.CellExecutionError: An error occurred while executing the following cell:
------------------
import knime.scripting.io as knio
import pandas as pd
from sklearn.naive_bayes import GaussianNB

# 1. Mengambil data dari input port
data = knio.input_tables[0].to_pandas()

# 2. Menentukan Target dan Fitur
# Di data diabetes, target biasanya 'Outcome'.
# Jika sebelumnya Anda pakai node 'Category to Number', pastikan namanya sesuai.
target_col = 'Outcome'

# Memisahkan fitur (X) dan label (y)
X = data.drop(columns=[target_col])
y = data[target_col]

# 3. Inisialisasi dan Melatih Model Naive Bayes
model = GaussianNB()
model.fit(X, y)

# 4. Membuat Prediksi
predictions = model.predict(X)

# 5. Menggabungkan hasil ke tabel output
output_df = data.copy()
output_df['Prediction'] = predictions

# 6. Mengirim kembali ke KNIME
knio.output_tables[0] = knio.Table.from_pandas(output_df)
------------------


[31m---------------------------------------------------------------------------[39m
[31mModuleNotFoundError[39m                       Traceback (most recent call last)
[36mCell[39m[36m [39m[32mIn[1][39m[32m, line 1[39m
[32m----> [39m[32m1[39m [38;5;28;01mimport[39;00m[38;5;250m [39m[34;01mknime[39;00m[34;01m.[39;00m[34;01mscripting[39;00m[34;01m.[39;00m[34;01mio[39;00m[38;5;250m [39m[38;5;28;01mas[39;00m[38;5;250m [39m[34;01mknio[39;00m
[32m      2[39m [38;5;28;01mimport[39;00m[38;5;250m [39m[34;01mpandas[39;00m[38;5;250m [39m[38;5;28;01mas[39;00m[38;5;250m [39m[34;01mpd[39;00m
[32m      3[39m [38;5;28;01mfrom[39;00m[38;5;250m [39m[34;01msklearn[39;00m[34;01m.[39;00m[34;01mnaive_bayes[39;00m[38;5;250m [39m[38;5;28;01mimport[39;00m GaussianNB

[31mModuleNotFoundError[39m: No module named 'knime'

